<?xml version="1.0" encoding="UTF-8"?>
<testng-results skipped="0" failed="0" total="1" passed="1">
  <reporter-output>
  </reporter-output>
  <suite name="Default suite" duration-ms="9501" started-at="2016-08-10T14:08:34Z" finished-at="2016-08-10T14:08:44Z">
    <groups>
    </groups>
    <test name="Default test" duration-ms="9501" started-at="2016-08-10T14:08:34Z" finished-at="2016-08-10T14:08:44Z">
      <class name="lists.ToolsqaWebtable">
        <test-method status="PASS" signature="Webtable1()[pri:0, instance:lists.ToolsqaWebtable@161479c6]" name="Webtable1" duration-ms="9481" started-at="2016-08-10T19:38:34Z" finished-at="2016-08-10T19:38:44Z">
          <reporter-output>
          </reporter-output>
        </test-method> <!-- Webtable1 -->
      </class> <!-- lists.ToolsqaWebtable -->
    </test> <!-- Default test -->
  </suite> <!-- Default suite -->
</testng-results>
